[2023-05-28 15:28:35] local.ERROR: SQLSTATE[HY000] [2002] No such file or directory (SQL: select * from `aud_custom_domain_subscriptions` where `status` = 1) {"exception":"[object] (Illuminate\\Database\\QueryException(code: 2002): SQLSTATE[HY000] [2002] No such file or directory (SQL: select * from `aud_custom_domain_subscriptions` where `status` = 1) at /opt/lampp/htdocs/platform/vendor/laravel/framework/src/Illuminate/Database/Connection.php:712)
[stacktrace]
#0 /opt/lampp/htdocs/platform/vendor/laravel/framework/src/Illuminate/Database/Connection.php(672): Illuminate\\Database\\Connection->runQueryCallback()
#1 /opt/lampp/htdocs/platform/vendor/laravel/framework/src/Illuminate/Database/Connection.php(359): Illuminate\\Database\\Connection->run()
#2 /opt/lampp/htdocs/platform/vendor/laravel/framework/src/Illuminate/Database/Query/Builder.php(2413): Illuminate\\Database\\Connection->select()
#3 /opt/lampp/htdocs/platform/vendor/laravel/framework/src/Illuminate/Database/Query/Builder.php(2402): Illuminate\\Database\\Query\\Builder->runSelect()
#4 /opt/lampp/htdocs/platform/vendor/laravel/framework/src/Illuminate/Database/Query/Builder.php(2936): Illuminate\\Database\\Query\\Builder->Illuminate\\Database\\Query\\{closure}()
#5 /opt/lampp/htdocs/platform/vendor/laravel/framework/src/Illuminate/Database/Query/Builder.php(2401): Illuminate\\Database\\Query\\Builder->onceWithColumns()
#6 /opt/lampp/htdocs/platform/vendor/laravel/framework/src/Illuminate/Database/Eloquent/Builder.php(625): Illuminate\\Database\\Query\\Builder->get()
#7 /opt/lampp/htdocs/platform/vendor/laravel/framework/src/Illuminate/Database/Eloquent/Builder.php(609): Illuminate\\Database\\Eloquent\\Builder->getModels()
#8 /opt/lampp/htdocs/platform/routes/web.php(38): Illuminate\\Database\\Eloquent\\Builder->get()
#9 /opt/lampp/htdocs/platform/vendor/laravel/framework/src/Illuminate/Routing/RouteFileRegistrar.php(35): require('...')
#10 /opt/lampp/htdocs/platform/vendor/laravel/framework/src/Illuminate/Routing/Router.php(425): Illuminate\\Routing\\RouteFileRegistrar->register()
#11 /opt/lampp/htdocs/platform/vendor/laravel/framework/src/Illuminate/Routing/Router.php(382): Illuminate\\Routing\\Router->loadRoutes()
#12 /opt/lampp/htdocs/platform/vendor/laravel/framework/src/Illuminate/Routing/RouteRegistrar.php(163): Illuminate\\Routing\\Router->group()
#13 /opt/lampp/htdocs/platform/app/Providers/RouteServiceProvider.php(48): Illuminate\\Routing\\RouteRegistrar->group()
#14 /opt/lampp/htdocs/platform/vendor/laravel/framework/src/Illuminate/Container/BoundMethod.php(36): App\\Providers\\RouteServiceProvider->App\\Providers\\{closure}()
#15 /opt/lampp/htdocs/platform/vendor/laravel/framework/src/Illuminate/Container/Util.php(40): Illuminate\\Container\\BoundMethod::Illuminate\\Container\\{closure}()
#16 /opt/lampp/htdocs/platform/vendor/laravel/framework/src/Illuminate/Container/BoundMethod.php(81): Illuminate\\Container\\Util::unwrapIfClosure()
#17 /opt/lampp/htdocs/platform/vendor/laravel/framework/src/Illuminate/Container/BoundMethod.php(35): Illuminate\\Container\\BoundMethod::callBoundMethod()
#18 /opt/lampp/htdocs/platform/vendor/laravel/framework/src/Illuminate/Container/Container.php(653): Illuminate\\Container\\BoundMethod::call()
#19 /opt/lampp/htdocs/platform/vendor/laravel/framework/src/Illuminate/Foundation/Support/Providers/RouteServiceProvider.php(120): Illuminate\\Container\\Container->call()
#20 /opt/lampp/htdocs/platform/vendor/laravel/framework/src/Illuminate/Foundation/Support/Providers/RouteServiceProvider.php(45): Illuminate\\Foundation\\Support\\Providers\\RouteServiceProvider->loadRoutes()
#21 /opt/lampp/htdocs/platform/vendor/laravel/framework/src/Illuminate/Container/BoundMethod.php(36): Illuminate\\Foundation\\Support\\Providers\\RouteServiceProvider->Illuminate\\Foundation\\Support\\Providers\\{closure}()
#22 /opt/lampp/htdocs/platform/vendor/laravel/framework/src/Illuminate/Container/Util.php(40): Illuminate\\Container\\BoundMethod::Illuminate\\Container\\{closure}()
#23 /opt/lampp/htdocs/platform/vendor/laravel/framework/src/Illuminate/Container/BoundMethod.php(81): Illuminate\\Container\\Util::unwrapIfClosure()
#24 /opt/lampp/htdocs/platform/vendor/laravel/framework/src/Illuminate/Container/BoundMethod.php(35): Illuminate\\Container\\BoundMethod::callBoundMethod()
#25 /opt/lampp/htdocs/platform/vendor/laravel/framework/src/Illuminate/Container/Container.php(653): Illuminate\\Container\\BoundMethod::call()
#26 /opt/lampp/htdocs/platform/vendor/laravel/framework/src/Illuminate/Support/ServiceProvider.php(119): Illuminate\\Container\\Container->call()
#27 /opt/lampp/htdocs/platform/vendor/laravel/framework/src/Illuminate/Foundation/Application.php(927): Illuminate\\Support\\ServiceProvider->callBootedCallbacks()
#28 /opt/lampp/htdocs/platform/vendor/laravel/framework/src/Illuminate/Foundation/Application.php(905): Illuminate\\Foundation\\Application->bootProvider()
#29 [internal function]: Illuminate\\Foundation\\Application->Illuminate\\Foundation\\{closure}()
#30 /opt/lampp/htdocs/platform/vendor/laravel/framework/src/Illuminate/Foundation/Application.php(904): array_walk()
#31 /opt/lampp/htdocs/platform/vendor/laravel/framework/src/Illuminate/Foundation/Bootstrap/BootProviders.php(17): Illuminate\\Foundation\\Application->boot()
#32 /opt/lampp/htdocs/platform/vendor/laravel/framework/src/Illuminate/Foundation/Application.php(237): Illuminate\\Foundation\\Bootstrap\\BootProviders->bootstrap()
#33 /opt/lampp/htdocs/platform/vendor/laravel/framework/src/Illuminate/Foundation/Console/Kernel.php(310): Illuminate\\Foundation\\Application->bootstrapWith()
#34 /opt/lampp/htdocs/platform/vendor/laravel/framework/src/Illuminate/Foundation/Console/Kernel.php(127): Illuminate\\Foundation\\Console\\Kernel->bootstrap()
#35 /opt/lampp/htdocs/platform/artisan(35): Illuminate\\Foundation\\Console\\Kernel->handle()
#36 {main}

[previous exception] [object] (PDOException(code: 2002): SQLSTATE[HY000] [2002] No such file or directory at /opt/lampp/htdocs/platform/vendor/laravel/framework/src/Illuminate/Database/Connectors/Connector.php:70)
[stacktrace]
#0 /opt/lampp/htdocs/platform/vendor/laravel/framework/src/Illuminate/Database/Connectors/Connector.php(70): PDO->__construct()
#1 /opt/lampp/htdocs/platform/vendor/laravel/framework/src/Illuminate/Database/Connectors/Connector.php(45): Illuminate\\Database\\Connectors\\Connector->createPdoConnection()
#2 /opt/lampp/htdocs/platform/vendor/laravel/framework/src/Illuminate/Database/Connectors/MySqlConnector.php(24): Illuminate\\Database\\Connectors\\Connector->createConnection()
#3 /opt/lampp/htdocs/platform/vendor/laravel/framework/src/Illuminate/Database/Connectors/ConnectionFactory.php(184): Illuminate\\Database\\Connectors\\MySqlConnector->connect()
#4 [internal function]: Illuminate\\Database\\Connectors\\ConnectionFactory->Illuminate\\Database\\Connectors\\{closure}()
#5 /opt/lampp/htdocs/platform/vendor/laravel/framework/src/Illuminate/Database/Connection.php(1064): call_user_func()
#6 /opt/lampp/htdocs/platform/vendor/laravel/framework/src/Illuminate/Database/Connection.php(1100): Illuminate\\Database\\Connection->getPdo()
#7 /opt/lampp/htdocs/platform/vendor/laravel/framework/src/Illuminate/Database/Connection.php(442): Illuminate\\Database\\Connection->getReadPdo()
#8 /opt/lampp/htdocs/platform/vendor/laravel/framework/src/Illuminate/Database/Connection.php(368): Illuminate\\Database\\Connection->getPdoForSelect()
#9 /opt/lampp/htdocs/platform/vendor/laravel/framework/src/Illuminate/Database/Connection.php(705): Illuminate\\Database\\Connection->Illuminate\\Database\\{closure}()
#10 /opt/lampp/htdocs/platform/vendor/laravel/framework/src/Illuminate/Database/Connection.php(672): Illuminate\\Database\\Connection->runQueryCallback()
#11 /opt/lampp/htdocs/platform/vendor/laravel/framework/src/Illuminate/Database/Connection.php(359): Illuminate\\Database\\Connection->run()
#12 /opt/lampp/htdocs/platform/vendor/laravel/framework/src/Illuminate/Database/Query/Builder.php(2413): Illuminate\\Database\\Connection->select()
#13 /opt/lampp/htdocs/platform/vendor/laravel/framework/src/Illuminate/Database/Query/Builder.php(2402): Illuminate\\Database\\Query\\Builder->runSelect()
#14 /opt/lampp/htdocs/platform/vendor/laravel/framework/src/Illuminate/Database/Query/Builder.php(2936): Illuminate\\Database\\Query\\Builder->Illuminate\\Database\\Query\\{closure}()
#15 /opt/lampp/htdocs/platform/vendor/laravel/framework/src/Illuminate/Database/Query/Builder.php(2401): Illuminate\\Database\\Query\\Builder->onceWithColumns()
#16 /opt/lampp/htdocs/platform/vendor/laravel/framework/src/Illuminate/Database/Eloquent/Builder.php(625): Illuminate\\Database\\Query\\Builder->get()
#17 /opt/lampp/htdocs/platform/vendor/laravel/framework/src/Illuminate/Database/Eloquent/Builder.php(609): Illuminate\\Database\\Eloquent\\Builder->getModels()
#18 /opt/lampp/htdocs/platform/routes/web.php(38): Illuminate\\Database\\Eloquent\\Builder->get()
#19 /opt/lampp/htdocs/platform/vendor/laravel/framework/src/Illuminate/Routing/RouteFileRegistrar.php(35): require('...')
#20 /opt/lampp/htdocs/platform/vendor/laravel/framework/src/Illuminate/Routing/Router.php(425): Illuminate\\Routing\\RouteFileRegistrar->register()
#21 /opt/lampp/htdocs/platform/vendor/laravel/framework/src/Illuminate/Routing/Router.php(382): Illuminate\\Routing\\Router->loadRoutes()
#22 /opt/lampp/htdocs/platform/vendor/laravel/framework/src/Illuminate/Routing/RouteRegistrar.php(163): Illuminate\\Routing\\Router->group()
#23 /opt/lampp/htdocs/platform/app/Providers/RouteServiceProvider.php(48): Illuminate\\Routing\\RouteRegistrar->group()
#24 /opt/lampp/htdocs/platform/vendor/laravel/framework/src/Illuminate/Container/BoundMethod.php(36): App\\Providers\\RouteServiceProvider->App\\Providers\\{closure}()
#25 /opt/lampp/htdocs/platform/vendor/laravel/framework/src/Illuminate/Container/Util.php(40): Illuminate\\Container\\BoundMethod::Illuminate\\Container\\{closure}()
#26 /opt/lampp/htdocs/platform/vendor/laravel/framework/src/Illuminate/Container/BoundMethod.php(81): Illuminate\\Container\\Util::unwrapIfClosure()
#27 /opt/lampp/htdocs/platform/vendor/laravel/framework/src/Illuminate/Container/BoundMethod.php(35): Illuminate\\Container\\BoundMethod::callBoundMethod()
#28 /opt/lampp/htdocs/platform/vendor/laravel/framework/src/Illuminate/Container/Container.php(653): Illuminate\\Container\\BoundMethod::call()
#29 /opt/lampp/htdocs/platform/vendor/laravel/framework/src/Illuminate/Foundation/Support/Providers/RouteServiceProvider.php(120): Illuminate\\Container\\Container->call()
#30 /opt/lampp/htdocs/platform/vendor/laravel/framework/src/Illuminate/Foundation/Support/Providers/RouteServiceProvider.php(45): Illuminate\\Foundation\\Support\\Providers\\RouteServiceProvider->loadRoutes()
#31 /opt/lampp/htdocs/platform/vendor/laravel/framework/src/Illuminate/Container/BoundMethod.php(36): Illuminate\\Foundation\\Support\\Providers\\RouteServiceProvider->Illuminate\\Foundation\\Support\\Providers\\{closure}()
#32 /opt/lampp/htdocs/platform/vendor/laravel/framework/src/Illuminate/Container/Util.php(40): Illuminate\\Container\\BoundMethod::Illuminate\\Container\\{closure}()
#33 /opt/lampp/htdocs/platform/vendor/laravel/framework/src/Illuminate/Container/BoundMethod.php(81): Illuminate\\Container\\Util::unwrapIfClosure()
#34 /opt/lampp/htdocs/platform/vendor/laravel/framework/src/Illuminate/Container/BoundMethod.php(35): Illuminate\\Container\\BoundMethod::callBoundMethod()
#35 /opt/lampp/htdocs/platform/vendor/laravel/framework/src/Illuminate/Container/Container.php(653): Illuminate\\Container\\BoundMethod::call()
#36 /opt/lampp/htdocs/platform/vendor/laravel/framework/src/Illuminate/Support/ServiceProvider.php(119): Illuminate\\Container\\Container->call()
#37 /opt/lampp/htdocs/platform/vendor/laravel/framework/src/Illuminate/Foundation/Application.php(927): Illuminate\\Support\\ServiceProvider->callBootedCallbacks()
#38 /opt/lampp/htdocs/platform/vendor/laravel/framework/src/Illuminate/Foundation/Application.php(905): Illuminate\\Foundation\\Application->bootProvider()
#39 [internal function]: Illuminate\\Foundation\\Application->Illuminate\\Foundation\\{closure}()
#40 /opt/lampp/htdocs/platform/vendor/laravel/framework/src/Illuminate/Foundation/Application.php(904): array_walk()
#41 /opt/lampp/htdocs/platform/vendor/laravel/framework/src/Illuminate/Foundation/Bootstrap/BootProviders.php(17): Illuminate\\Foundation\\Application->boot()
#42 /opt/lampp/htdocs/platform/vendor/laravel/framework/src/Illuminate/Foundation/Application.php(237): Illuminate\\Foundation\\Bootstrap\\BootProviders->bootstrap()
#43 /opt/lampp/htdocs/platform/vendor/laravel/framework/src/Illuminate/Foundation/Console/Kernel.php(310): Illuminate\\Foundation\\Application->bootstrapWith()
#44 /opt/lampp/htdocs/platform/vendor/laravel/framework/src/Illuminate/Foundation/Console/Kernel.php(127): Illuminate\\Foundation\\Console\\Kernel->bootstrap()
#45 /opt/lampp/htdocs/platform/artisan(35): Illuminate\\Foundation\\Console\\Kernel->handle()
#46 {main}
"} 
[2023-05-28 15:32:57] local.ERROR: SQLSTATE[HY000] [2002] No such file or directory (SQL: select * from `aud_custom_domain_subscriptions` where `status` = 1) {"exception":"[object] (Illuminate\\Database\\QueryException(code: 2002): SQLSTATE[HY000] [2002] No such file or directory (SQL: select * from `aud_custom_domain_subscriptions` where `status` = 1) at /opt/lampp/htdocs/platform/vendor/laravel/framework/src/Illuminate/Database/Connection.php:712)
[stacktrace]
#0 /opt/lampp/htdocs/platform/vendor/laravel/framework/src/Illuminate/Database/Connection.php(672): Illuminate\\Database\\Connection->runQueryCallback()
#1 /opt/lampp/htdocs/platform/vendor/laravel/framework/src/Illuminate/Database/Connection.php(359): Illuminate\\Database\\Connection->run()
#2 /opt/lampp/htdocs/platform/vendor/laravel/framework/src/Illuminate/Database/Query/Builder.php(2413): Illuminate\\Database\\Connection->select()
#3 /opt/lampp/htdocs/platform/vendor/laravel/framework/src/Illuminate/Database/Query/Builder.php(2402): Illuminate\\Database\\Query\\Builder->runSelect()
#4 /opt/lampp/htdocs/platform/vendor/laravel/framework/src/Illuminate/Database/Query/Builder.php(2936): Illuminate\\Database\\Query\\Builder->Illuminate\\Database\\Query\\{closure}()
#5 /opt/lampp/htdocs/platform/vendor/laravel/framework/src/Illuminate/Database/Query/Builder.php(2401): Illuminate\\Database\\Query\\Builder->onceWithColumns()
#6 /opt/lampp/htdocs/platform/vendor/laravel/framework/src/Illuminate/Database/Eloquent/Builder.php(625): Illuminate\\Database\\Query\\Builder->get()
#7 /opt/lampp/htdocs/platform/vendor/laravel/framework/src/Illuminate/Database/Eloquent/Builder.php(609): Illuminate\\Database\\Eloquent\\Builder->getModels()
#8 /opt/lampp/htdocs/platform/routes/web.php(38): Illuminate\\Database\\Eloquent\\Builder->get()
#9 /opt/lampp/htdocs/platform/vendor/laravel/framework/src/Illuminate/Routing/RouteFileRegistrar.php(35): require('...')
#10 /opt/lampp/htdocs/platform/vendor/laravel/framework/src/Illuminate/Routing/Router.php(425): Illuminate\\Routing\\RouteFileRegistrar->register()
#11 /opt/lampp/htdocs/platform/vendor/laravel/framework/src/Illuminate/Routing/Router.php(382): Illuminate\\Routing\\Router->loadRoutes()
#12 /opt/lampp/htdocs/platform/vendor/laravel/framework/src/Illuminate/Routing/RouteRegistrar.php(163): Illuminate\\Routing\\Router->group()
#13 /opt/lampp/htdocs/platform/app/Providers/RouteServiceProvider.php(48): Illuminate\\Routing\\RouteRegistrar->group()
#14 /opt/lampp/htdocs/platform/vendor/laravel/framework/src/Illuminate/Container/BoundMethod.php(36): App\\Providers\\RouteServiceProvider->App\\Providers\\{closure}()
#15 /opt/lampp/htdocs/platform/vendor/laravel/framework/src/Illuminate/Container/Util.php(40): Illuminate\\Container\\BoundMethod::Illuminate\\Container\\{closure}()
#16 /opt/lampp/htdocs/platform/vendor/laravel/framework/src/Illuminate/Container/BoundMethod.php(81): Illuminate\\Container\\Util::unwrapIfClosure()
#17 /opt/lampp/htdocs/platform/vendor/laravel/framework/src/Illuminate/Container/BoundMethod.php(35): Illuminate\\Container\\BoundMethod::callBoundMethod()
#18 /opt/lampp/htdocs/platform/vendor/laravel/framework/src/Illuminate/Container/Container.php(653): Illuminate\\Container\\BoundMethod::call()
#19 /opt/lampp/htdocs/platform/vendor/laravel/framework/src/Illuminate/Foundation/Support/Providers/RouteServiceProvider.php(120): Illuminate\\Container\\Container->call()
#20 /opt/lampp/htdocs/platform/vendor/laravel/framework/src/Illuminate/Foundation/Support/Providers/RouteServiceProvider.php(45): Illuminate\\Foundation\\Support\\Providers\\RouteServiceProvider->loadRoutes()
#21 /opt/lampp/htdocs/platform/vendor/laravel/framework/src/Illuminate/Container/BoundMethod.php(36): Illuminate\\Foundation\\Support\\Providers\\RouteServiceProvider->Illuminate\\Foundation\\Support\\Providers\\{closure}()
#22 /opt/lampp/htdocs/platform/vendor/laravel/framework/src/Illuminate/Container/Util.php(40): Illuminate\\Container\\BoundMethod::Illuminate\\Container\\{closure}()
#23 /opt/lampp/htdocs/platform/vendor/laravel/framework/src/Illuminate/Container/BoundMethod.php(81): Illuminate\\Container\\Util::unwrapIfClosure()
#24 /opt/lampp/htdocs/platform/vendor/laravel/framework/src/Illuminate/Container/BoundMethod.php(35): Illuminate\\Container\\BoundMethod::callBoundMethod()
#25 /opt/lampp/htdocs/platform/vendor/laravel/framework/src/Illuminate/Container/Container.php(653): Illuminate\\Container\\BoundMethod::call()
#26 /opt/lampp/htdocs/platform/vendor/laravel/framework/src/Illuminate/Support/ServiceProvider.php(119): Illuminate\\Container\\Container->call()
#27 /opt/lampp/htdocs/platform/vendor/laravel/framework/src/Illuminate/Foundation/Application.php(927): Illuminate\\Support\\ServiceProvider->callBootedCallbacks()
#28 /opt/lampp/htdocs/platform/vendor/laravel/framework/src/Illuminate/Foundation/Application.php(905): Illuminate\\Foundation\\Application->bootProvider()
#29 [internal function]: Illuminate\\Foundation\\Application->Illuminate\\Foundation\\{closure}()
#30 /opt/lampp/htdocs/platform/vendor/laravel/framework/src/Illuminate/Foundation/Application.php(904): array_walk()
#31 /opt/lampp/htdocs/platform/vendor/laravel/framework/src/Illuminate/Foundation/Bootstrap/BootProviders.php(17): Illuminate\\Foundation\\Application->boot()
#32 /opt/lampp/htdocs/platform/vendor/laravel/framework/src/Illuminate/Foundation/Application.php(237): Illuminate\\Foundation\\Bootstrap\\BootProviders->bootstrap()
#33 /opt/lampp/htdocs/platform/vendor/laravel/framework/src/Illuminate/Foundation/Console/Kernel.php(310): Illuminate\\Foundation\\Application->bootstrapWith()
#34 /opt/lampp/htdocs/platform/vendor/laravel/framework/src/Illuminate/Foundation/Console/Kernel.php(127): Illuminate\\Foundation\\Console\\Kernel->bootstrap()
#35 /opt/lampp/htdocs/platform/artisan(35): Illuminate\\Foundation\\Console\\Kernel->handle()
#36 {main}

[previous exception] [object] (PDOException(code: 2002): SQLSTATE[HY000] [2002] No such file or directory at /opt/lampp/htdocs/platform/vendor/laravel/framework/src/Illuminate/Database/Connectors/Connector.php:70)
[stacktrace]
#0 /opt/lampp/htdocs/platform/vendor/laravel/framework/src/Illuminate/Database/Connectors/Connector.php(70): PDO->__construct()
#1 /opt/lampp/htdocs/platform/vendor/laravel/framework/src/Illuminate/Database/Connectors/Connector.php(45): Illuminate\\Database\\Connectors\\Connector->createPdoConnection()
#2 /opt/lampp/htdocs/platform/vendor/laravel/framework/src/Illuminate/Database/Connectors/MySqlConnector.php(24): Illuminate\\Database\\Connectors\\Connector->createConnection()
#3 /opt/lampp/htdocs/platform/vendor/laravel/framework/src/Illuminate/Database/Connectors/ConnectionFactory.php(184): Illuminate\\Database\\Connectors\\MySqlConnector->connect()
#4 [internal function]: Illuminate\\Database\\Connectors\\ConnectionFactory->Illuminate\\Database\\Connectors\\{closure}()
#5 /opt/lampp/htdocs/platform/vendor/laravel/framework/src/Illuminate/Database/Connection.php(1064): call_user_func()
#6 /opt/lampp/htdocs/platform/vendor/laravel/framework/src/Illuminate/Database/Connection.php(1100): Illuminate\\Database\\Connection->getPdo()
#7 /opt/lampp/htdocs/platform/vendor/laravel/framework/src/Illuminate/Database/Connection.php(442): Illuminate\\Database\\Connection->getReadPdo()
#8 /opt/lampp/htdocs/platform/vendor/laravel/framework/src/Illuminate/Database/Connection.php(368): Illuminate\\Database\\Connection->getPdoForSelect()
#9 /opt/lampp/htdocs/platform/vendor/laravel/framework/src/Illuminate/Database/Connection.php(705): Illuminate\\Database\\Connection->Illuminate\\Database\\{closure}()
#10 /opt/lampp/htdocs/platform/vendor/laravel/framework/src/Illuminate/Database/Connection.php(672): Illuminate\\Database\\Connection->runQueryCallback()
#11 /opt/lampp/htdocs/platform/vendor/laravel/framework/src/Illuminate/Database/Connection.php(359): Illuminate\\Database\\Connection->run()
#12 /opt/lampp/htdocs/platform/vendor/laravel/framework/src/Illuminate/Database/Query/Builder.php(2413): Illuminate\\Database\\Connection->select()
#13 /opt/lampp/htdocs/platform/vendor/laravel/framework/src/Illuminate/Database/Query/Builder.php(2402): Illuminate\\Database\\Query\\Builder->runSelect()
#14 /opt/lampp/htdocs/platform/vendor/laravel/framework/src/Illuminate/Database/Query/Builder.php(2936): Illuminate\\Database\\Query\\Builder->Illuminate\\Database\\Query\\{closure}()
#15 /opt/lampp/htdocs/platform/vendor/laravel/framework/src/Illuminate/Database/Query/Builder.php(2401): Illuminate\\Database\\Query\\Builder->onceWithColumns()
#16 /opt/lampp/htdocs/platform/vendor/laravel/framework/src/Illuminate/Database/Eloquent/Builder.php(625): Illuminate\\Database\\Query\\Builder->get()
#17 /opt/lampp/htdocs/platform/vendor/laravel/framework/src/Illuminate/Database/Eloquent/Builder.php(609): Illuminate\\Database\\Eloquent\\Builder->getModels()
#18 /opt/lampp/htdocs/platform/routes/web.php(38): Illuminate\\Database\\Eloquent\\Builder->get()
#19 /opt/lampp/htdocs/platform/vendor/laravel/framework/src/Illuminate/Routing/RouteFileRegistrar.php(35): require('...')
#20 /opt/lampp/htdocs/platform/vendor/laravel/framework/src/Illuminate/Routing/Router.php(425): Illuminate\\Routing\\RouteFileRegistrar->register()
#21 /opt/lampp/htdocs/platform/vendor/laravel/framework/src/Illuminate/Routing/Router.php(382): Illuminate\\Routing\\Router->loadRoutes()
#22 /opt/lampp/htdocs/platform/vendor/laravel/framework/src/Illuminate/Routing/RouteRegistrar.php(163): Illuminate\\Routing\\Router->group()
#23 /opt/lampp/htdocs/platform/app/Providers/RouteServiceProvider.php(48): Illuminate\\Routing\\RouteRegistrar->group()
#24 /opt/lampp/htdocs/platform/vendor/laravel/framework/src/Illuminate/Container/BoundMethod.php(36): App\\Providers\\RouteServiceProvider->App\\Providers\\{closure}()
#25 /opt/lampp/htdocs/platform/vendor/laravel/framework/src/Illuminate/Container/Util.php(40): Illuminate\\Container\\BoundMethod::Illuminate\\Container\\{closure}()
#26 /opt/lampp/htdocs/platform/vendor/laravel/framework/src/Illuminate/Container/BoundMethod.php(81): Illuminate\\Container\\Util::unwrapIfClosure()
#27 /opt/lampp/htdocs/platform/vendor/laravel/framework/src/Illuminate/Container/BoundMethod.php(35): Illuminate\\Container\\BoundMethod::callBoundMethod()
#28 /opt/lampp/htdocs/platform/vendor/laravel/framework/src/Illuminate/Container/Container.php(653): Illuminate\\Container\\BoundMethod::call()
#29 /opt/lampp/htdocs/platform/vendor/laravel/framework/src/Illuminate/Foundation/Support/Providers/RouteServiceProvider.php(120): Illuminate\\Container\\Container->call()
#30 /opt/lampp/htdocs/platform/vendor/laravel/framework/src/Illuminate/Foundation/Support/Providers/RouteServiceProvider.php(45): Illuminate\\Foundation\\Support\\Providers\\RouteServiceProvider->loadRoutes()
#31 /opt/lampp/htdocs/platform/vendor/laravel/framework/src/Illuminate/Container/BoundMethod.php(36): Illuminate\\Foundation\\Support\\Providers\\RouteServiceProvider->Illuminate\\Foundation\\Support\\Providers\\{closure}()
#32 /opt/lampp/htdocs/platform/vendor/laravel/framework/src/Illuminate/Container/Util.php(40): Illuminate\\Container\\BoundMethod::Illuminate\\Container\\{closure}()
#33 /opt/lampp/htdocs/platform/vendor/laravel/framework/src/Illuminate/Container/BoundMethod.php(81): Illuminate\\Container\\Util::unwrapIfClosure()
#34 /opt/lampp/htdocs/platform/vendor/laravel/framework/src/Illuminate/Container/BoundMethod.php(35): Illuminate\\Container\\BoundMethod::callBoundMethod()
#35 /opt/lampp/htdocs/platform/vendor/laravel/framework/src/Illuminate/Container/Container.php(653): Illuminate\\Container\\BoundMethod::call()
#36 /opt/lampp/htdocs/platform/vendor/laravel/framework/src/Illuminate/Support/ServiceProvider.php(119): Illuminate\\Container\\Container->call()
#37 /opt/lampp/htdocs/platform/vendor/laravel/framework/src/Illuminate/Foundation/Application.php(927): Illuminate\\Support\\ServiceProvider->callBootedCallbacks()
#38 /opt/lampp/htdocs/platform/vendor/laravel/framework/src/Illuminate/Foundation/Application.php(905): Illuminate\\Foundation\\Application->bootProvider()
#39 [internal function]: Illuminate\\Foundation\\Application->Illuminate\\Foundation\\{closure}()
#40 /opt/lampp/htdocs/platform/vendor/laravel/framework/src/Illuminate/Foundation/Application.php(904): array_walk()
#41 /opt/lampp/htdocs/platform/vendor/laravel/framework/src/Illuminate/Foundation/Bootstrap/BootProviders.php(17): Illuminate\\Foundation\\Application->boot()
#42 /opt/lampp/htdocs/platform/vendor/laravel/framework/src/Illuminate/Foundation/Application.php(237): Illuminate\\Foundation\\Bootstrap\\BootProviders->bootstrap()
#43 /opt/lampp/htdocs/platform/vendor/laravel/framework/src/Illuminate/Foundation/Console/Kernel.php(310): Illuminate\\Foundation\\Application->bootstrapWith()
#44 /opt/lampp/htdocs/platform/vendor/laravel/framework/src/Illuminate/Foundation/Console/Kernel.php(127): Illuminate\\Foundation\\Console\\Kernel->bootstrap()
#45 /opt/lampp/htdocs/platform/artisan(35): Illuminate\\Foundation\\Console\\Kernel->handle()
#46 {main}
"} 
[2023-05-28 18:24:57] local.ERROR: SQLSTATE[HY000] [1698] Access denied for user 'root'@'localhost' (SQL: select * from `aud_custom_domain_subscriptions` where `status` = 1) {"exception":"[object] (Illuminate\\Database\\QueryException(code: 1698): SQLSTATE[HY000] [1698] Access denied for user 'root'@'localhost' (SQL: select * from `aud_custom_domain_subscriptions` where `status` = 1) at /opt/lampp/htdocs/platform/vendor/laravel/framework/src/Illuminate/Database/Connection.php:712)
[stacktrace]
#0 /opt/lampp/htdocs/platform/vendor/laravel/framework/src/Illuminate/Database/Connection.php(672): Illuminate\\Database\\Connection->runQueryCallback()
#1 /opt/lampp/htdocs/platform/vendor/laravel/framework/src/Illuminate/Database/Connection.php(359): Illuminate\\Database\\Connection->run()
#2 /opt/lampp/htdocs/platform/vendor/laravel/framework/src/Illuminate/Database/Query/Builder.php(2413): Illuminate\\Database\\Connection->select()
#3 /opt/lampp/htdocs/platform/vendor/laravel/framework/src/Illuminate/Database/Query/Builder.php(2402): Illuminate\\Database\\Query\\Builder->runSelect()
#4 /opt/lampp/htdocs/platform/vendor/laravel/framework/src/Illuminate/Database/Query/Builder.php(2936): Illuminate\\Database\\Query\\Builder->Illuminate\\Database\\Query\\{closure}()
#5 /opt/lampp/htdocs/platform/vendor/laravel/framework/src/Illuminate/Database/Query/Builder.php(2401): Illuminate\\Database\\Query\\Builder->onceWithColumns()
#6 /opt/lampp/htdocs/platform/vendor/laravel/framework/src/Illuminate/Database/Eloquent/Builder.php(625): Illuminate\\Database\\Query\\Builder->get()
#7 /opt/lampp/htdocs/platform/vendor/laravel/framework/src/Illuminate/Database/Eloquent/Builder.php(609): Illuminate\\Database\\Eloquent\\Builder->getModels()
#8 /opt/lampp/htdocs/platform/routes/web.php(38): Illuminate\\Database\\Eloquent\\Builder->get()
#9 /opt/lampp/htdocs/platform/vendor/laravel/framework/src/Illuminate/Routing/RouteFileRegistrar.php(35): require('...')
#10 /opt/lampp/htdocs/platform/vendor/laravel/framework/src/Illuminate/Routing/Router.php(425): Illuminate\\Routing\\RouteFileRegistrar->register()
#11 /opt/lampp/htdocs/platform/vendor/laravel/framework/src/Illuminate/Routing/Router.php(382): Illuminate\\Routing\\Router->loadRoutes()
#12 /opt/lampp/htdocs/platform/vendor/laravel/framework/src/Illuminate/Routing/RouteRegistrar.php(163): Illuminate\\Routing\\Router->group()
#13 /opt/lampp/htdocs/platform/app/Providers/RouteServiceProvider.php(48): Illuminate\\Routing\\RouteRegistrar->group()
#14 /opt/lampp/htdocs/platform/vendor/laravel/framework/src/Illuminate/Container/BoundMethod.php(36): App\\Providers\\RouteServiceProvider->App\\Providers\\{closure}()
#15 /opt/lampp/htdocs/platform/vendor/laravel/framework/src/Illuminate/Container/Util.php(40): Illuminate\\Container\\BoundMethod::Illuminate\\Container\\{closure}()
#16 /opt/lampp/htdocs/platform/vendor/laravel/framework/src/Illuminate/Container/BoundMethod.php(81): Illuminate\\Container\\Util::unwrapIfClosure()
#17 /opt/lampp/htdocs/platform/vendor/laravel/framework/src/Illuminate/Container/BoundMethod.php(35): Illuminate\\Container\\BoundMethod::callBoundMethod()
#18 /opt/lampp/htdocs/platform/vendor/laravel/framework/src/Illuminate/Container/Container.php(653): Illuminate\\Container\\BoundMethod::call()
#19 /opt/lampp/htdocs/platform/vendor/laravel/framework/src/Illuminate/Foundation/Support/Providers/RouteServiceProvider.php(120): Illuminate\\Container\\Container->call()
#20 /opt/lampp/htdocs/platform/vendor/laravel/framework/src/Illuminate/Foundation/Support/Providers/RouteServiceProvider.php(45): Illuminate\\Foundation\\Support\\Providers\\RouteServiceProvider->loadRoutes()
#21 /opt/lampp/htdocs/platform/vendor/laravel/framework/src/Illuminate/Container/BoundMethod.php(36): Illuminate\\Foundation\\Support\\Providers\\RouteServiceProvider->Illuminate\\Foundation\\Support\\Providers\\{closure}()
#22 /opt/lampp/htdocs/platform/vendor/laravel/framework/src/Illuminate/Container/Util.php(40): Illuminate\\Container\\BoundMethod::Illuminate\\Container\\{closure}()
#23 /opt/lampp/htdocs/platform/vendor/laravel/framework/src/Illuminate/Container/BoundMethod.php(81): Illuminate\\Container\\Util::unwrapIfClosure()
#24 /opt/lampp/htdocs/platform/vendor/laravel/framework/src/Illuminate/Container/BoundMethod.php(35): Illuminate\\Container\\BoundMethod::callBoundMethod()
#25 /opt/lampp/htdocs/platform/vendor/laravel/framework/src/Illuminate/Container/Container.php(653): Illuminate\\Container\\BoundMethod::call()
#26 /opt/lampp/htdocs/platform/vendor/laravel/framework/src/Illuminate/Support/ServiceProvider.php(119): Illuminate\\Container\\Container->call()
#27 /opt/lampp/htdocs/platform/vendor/laravel/framework/src/Illuminate/Foundation/Application.php(927): Illuminate\\Support\\ServiceProvider->callBootedCallbacks()
#28 /opt/lampp/htdocs/platform/vendor/laravel/framework/src/Illuminate/Foundation/Application.php(905): Illuminate\\Foundation\\Application->bootProvider()
#29 [internal function]: Illuminate\\Foundation\\Application->Illuminate\\Foundation\\{closure}()
#30 /opt/lampp/htdocs/platform/vendor/laravel/framework/src/Illuminate/Foundation/Application.php(904): array_walk()
#31 /opt/lampp/htdocs/platform/vendor/laravel/framework/src/Illuminate/Foundation/Bootstrap/BootProviders.php(17): Illuminate\\Foundation\\Application->boot()
#32 /opt/lampp/htdocs/platform/vendor/laravel/framework/src/Illuminate/Foundation/Application.php(237): Illuminate\\Foundation\\Bootstrap\\BootProviders->bootstrap()
#33 /opt/lampp/htdocs/platform/vendor/laravel/framework/src/Illuminate/Foundation/Console/Kernel.php(310): Illuminate\\Foundation\\Application->bootstrapWith()
#34 /opt/lampp/htdocs/platform/vendor/laravel/framework/src/Illuminate/Foundation/Console/Kernel.php(127): Illuminate\\Foundation\\Console\\Kernel->bootstrap()
#35 /opt/lampp/htdocs/platform/artisan(35): Illuminate\\Foundation\\Console\\Kernel->handle()
#36 {main}

[previous exception] [object] (PDOException(code: 1698): SQLSTATE[HY000] [1698] Access denied for user 'root'@'localhost' at /opt/lampp/htdocs/platform/vendor/laravel/framework/src/Illuminate/Database/Connectors/Connector.php:70)
[stacktrace]
#0 /opt/lampp/htdocs/platform/vendor/laravel/framework/src/Illuminate/Database/Connectors/Connector.php(70): PDO->__construct()
#1 /opt/lampp/htdocs/platform/vendor/laravel/framework/src/Illuminate/Database/Connectors/Connector.php(45): Illuminate\\Database\\Connectors\\Connector->createPdoConnection()
#2 /opt/lampp/htdocs/platform/vendor/laravel/framework/src/Illuminate/Database/Connectors/MySqlConnector.php(24): Illuminate\\Database\\Connectors\\Connector->createConnection()
#3 /opt/lampp/htdocs/platform/vendor/laravel/framework/src/Illuminate/Database/Connectors/ConnectionFactory.php(184): Illuminate\\Database\\Connectors\\MySqlConnector->connect()
#4 [internal function]: Illuminate\\Database\\Connectors\\ConnectionFactory->Illuminate\\Database\\Connectors\\{closure}()
#5 /opt/lampp/htdocs/platform/vendor/laravel/framework/src/Illuminate/Database/Connection.php(1064): call_user_func()
#6 /opt/lampp/htdocs/platform/vendor/laravel/framework/src/Illuminate/Database/Connection.php(1100): Illuminate\\Database\\Connection->getPdo()
#7 /opt/lampp/htdocs/platform/vendor/laravel/framework/src/Illuminate/Database/Connection.php(442): Illuminate\\Database\\Connection->getReadPdo()
#8 /opt/lampp/htdocs/platform/vendor/laravel/framework/src/Illuminate/Database/Connection.php(368): Illuminate\\Database\\Connection->getPdoForSelect()
#9 /opt/lampp/htdocs/platform/vendor/laravel/framework/src/Illuminate/Database/Connection.php(705): Illuminate\\Database\\Connection->Illuminate\\Database\\{closure}()
#10 /opt/lampp/htdocs/platform/vendor/laravel/framework/src/Illuminate/Database/Connection.php(672): Illuminate\\Database\\Connection->runQueryCallback()
#11 /opt/lampp/htdocs/platform/vendor/laravel/framework/src/Illuminate/Database/Connection.php(359): Illuminate\\Database\\Connection->run()
#12 /opt/lampp/htdocs/platform/vendor/laravel/framework/src/Illuminate/Database/Query/Builder.php(2413): Illuminate\\Database\\Connection->select()
#13 /opt/lampp/htdocs/platform/vendor/laravel/framework/src/Illuminate/Database/Query/Builder.php(2402): Illuminate\\Database\\Query\\Builder->runSelect()
#14 /opt/lampp/htdocs/platform/vendor/laravel/framework/src/Illuminate/Database/Query/Builder.php(2936): Illuminate\\Database\\Query\\Builder->Illuminate\\Database\\Query\\{closure}()
#15 /opt/lampp/htdocs/platform/vendor/laravel/framework/src/Illuminate/Database/Query/Builder.php(2401): Illuminate\\Database\\Query\\Builder->onceWithColumns()
#16 /opt/lampp/htdocs/platform/vendor/laravel/framework/src/Illuminate/Database/Eloquent/Builder.php(625): Illuminate\\Database\\Query\\Builder->get()
#17 /opt/lampp/htdocs/platform/vendor/laravel/framework/src/Illuminate/Database/Eloquent/Builder.php(609): Illuminate\\Database\\Eloquent\\Builder->getModels()
#18 /opt/lampp/htdocs/platform/routes/web.php(38): Illuminate\\Database\\Eloquent\\Builder->get()
#19 /opt/lampp/htdocs/platform/vendor/laravel/framework/src/Illuminate/Routing/RouteFileRegistrar.php(35): require('...')
#20 /opt/lampp/htdocs/platform/vendor/laravel/framework/src/Illuminate/Routing/Router.php(425): Illuminate\\Routing\\RouteFileRegistrar->register()
#21 /opt/lampp/htdocs/platform/vendor/laravel/framework/src/Illuminate/Routing/Router.php(382): Illuminate\\Routing\\Router->loadRoutes()
#22 /opt/lampp/htdocs/platform/vendor/laravel/framework/src/Illuminate/Routing/RouteRegistrar.php(163): Illuminate\\Routing\\Router->group()
#23 /opt/lampp/htdocs/platform/app/Providers/RouteServiceProvider.php(48): Illuminate\\Routing\\RouteRegistrar->group()
#24 /opt/lampp/htdocs/platform/vendor/laravel/framework/src/Illuminate/Container/BoundMethod.php(36): App\\Providers\\RouteServiceProvider->App\\Providers\\{closure}()
#25 /opt/lampp/htdocs/platform/vendor/laravel/framework/src/Illuminate/Container/Util.php(40): Illuminate\\Container\\BoundMethod::Illuminate\\Container\\{closure}()
#26 /opt/lampp/htdocs/platform/vendor/laravel/framework/src/Illuminate/Container/BoundMethod.php(81): Illuminate\\Container\\Util::unwrapIfClosure()
#27 /opt/lampp/htdocs/platform/vendor/laravel/framework/src/Illuminate/Container/BoundMethod.php(35): Illuminate\\Container\\BoundMethod::callBoundMethod()
#28 /opt/lampp/htdocs/platform/vendor/laravel/framework/src/Illuminate/Container/Container.php(653): Illuminate\\Container\\BoundMethod::call()
#29 /opt/lampp/htdocs/platform/vendor/laravel/framework/src/Illuminate/Foundation/Support/Providers/RouteServiceProvider.php(120): Illuminate\\Container\\Container->call()
#30 /opt/lampp/htdocs/platform/vendor/laravel/framework/src/Illuminate/Foundation/Support/Providers/RouteServiceProvider.php(45): Illuminate\\Foundation\\Support\\Providers\\RouteServiceProvider->loadRoutes()
#31 /opt/lampp/htdocs/platform/vendor/laravel/framework/src/Illuminate/Container/BoundMethod.php(36): Illuminate\\Foundation\\Support\\Providers\\RouteServiceProvider->Illuminate\\Foundation\\Support\\Providers\\{closure}()
#32 /opt/lampp/htdocs/platform/vendor/laravel/framework/src/Illuminate/Container/Util.php(40): Illuminate\\Container\\BoundMethod::Illuminate\\Container\\{closure}()
#33 /opt/lampp/htdocs/platform/vendor/laravel/framework/src/Illuminate/Container/BoundMethod.php(81): Illuminate\\Container\\Util::unwrapIfClosure()
#34 /opt/lampp/htdocs/platform/vendor/laravel/framework/src/Illuminate/Container/BoundMethod.php(35): Illuminate\\Container\\BoundMethod::callBoundMethod()
#35 /opt/lampp/htdocs/platform/vendor/laravel/framework/src/Illuminate/Container/Container.php(653): Illuminate\\Container\\BoundMethod::call()
#36 /opt/lampp/htdocs/platform/vendor/laravel/framework/src/Illuminate/Support/ServiceProvider.php(119): Illuminate\\Container\\Container->call()
#37 /opt/lampp/htdocs/platform/vendor/laravel/framework/src/Illuminate/Foundation/Application.php(927): Illuminate\\Support\\ServiceProvider->callBootedCallbacks()
#38 /opt/lampp/htdocs/platform/vendor/laravel/framework/src/Illuminate/Foundation/Application.php(905): Illuminate\\Foundation\\Application->bootProvider()
#39 [internal function]: Illuminate\\Foundation\\Application->Illuminate\\Foundation\\{closure}()
#40 /opt/lampp/htdocs/platform/vendor/laravel/framework/src/Illuminate/Foundation/Application.php(904): array_walk()
#41 /opt/lampp/htdocs/platform/vendor/laravel/framework/src/Illuminate/Foundation/Bootstrap/BootProviders.php(17): Illuminate\\Foundation\\Application->boot()
#42 /opt/lampp/htdocs/platform/vendor/laravel/framework/src/Illuminate/Foundation/Application.php(237): Illuminate\\Foundation\\Bootstrap\\BootProviders->bootstrap()
#43 /opt/lampp/htdocs/platform/vendor/laravel/framework/src/Illuminate/Foundation/Console/Kernel.php(310): Illuminate\\Foundation\\Application->bootstrapWith()
#44 /opt/lampp/htdocs/platform/vendor/laravel/framework/src/Illuminate/Foundation/Console/Kernel.php(127): Illuminate\\Foundation\\Console\\Kernel->bootstrap()
#45 /opt/lampp/htdocs/platform/artisan(35): Illuminate\\Foundation\\Console\\Kernel->handle()
#46 {main}
"} 
[2023-05-28 18:25:44] local.ERROR: SQLSTATE[HY000] [2002] No such file or directory (SQL: select * from `aud_custom_domain_subscriptions` where `status` = 1) {"exception":"[object] (Illuminate\\Database\\QueryException(code: 2002): SQLSTATE[HY000] [2002] No such file or directory (SQL: select * from `aud_custom_domain_subscriptions` where `status` = 1) at /opt/lampp/htdocs/platform/vendor/laravel/framework/src/Illuminate/Database/Connection.php:712)
[stacktrace]
#0 /opt/lampp/htdocs/platform/vendor/laravel/framework/src/Illuminate/Database/Connection.php(672): Illuminate\\Database\\Connection->runQueryCallback()
#1 /opt/lampp/htdocs/platform/vendor/laravel/framework/src/Illuminate/Database/Connection.php(359): Illuminate\\Database\\Connection->run()
#2 /opt/lampp/htdocs/platform/vendor/laravel/framework/src/Illuminate/Database/Query/Builder.php(2413): Illuminate\\Database\\Connection->select()
#3 /opt/lampp/htdocs/platform/vendor/laravel/framework/src/Illuminate/Database/Query/Builder.php(2402): Illuminate\\Database\\Query\\Builder->runSelect()
#4 /opt/lampp/htdocs/platform/vendor/laravel/framework/src/Illuminate/Database/Query/Builder.php(2936): Illuminate\\Database\\Query\\Builder->Illuminate\\Database\\Query\\{closure}()
#5 /opt/lampp/htdocs/platform/vendor/laravel/framework/src/Illuminate/Database/Query/Builder.php(2401): Illuminate\\Database\\Query\\Builder->onceWithColumns()
#6 /opt/lampp/htdocs/platform/vendor/laravel/framework/src/Illuminate/Database/Eloquent/Builder.php(625): Illuminate\\Database\\Query\\Builder->get()
#7 /opt/lampp/htdocs/platform/vendor/laravel/framework/src/Illuminate/Database/Eloquent/Builder.php(609): Illuminate\\Database\\Eloquent\\Builder->getModels()
#8 /opt/lampp/htdocs/platform/routes/web.php(38): Illuminate\\Database\\Eloquent\\Builder->get()
#9 /opt/lampp/htdocs/platform/vendor/laravel/framework/src/Illuminate/Routing/RouteFileRegistrar.php(35): require('...')
#10 /opt/lampp/htdocs/platform/vendor/laravel/framework/src/Illuminate/Routing/Router.php(425): Illuminate\\Routing\\RouteFileRegistrar->register()
#11 /opt/lampp/htdocs/platform/vendor/laravel/framework/src/Illuminate/Routing/Router.php(382): Illuminate\\Routing\\Router->loadRoutes()
#12 /opt/lampp/htdocs/platform/vendor/laravel/framework/src/Illuminate/Routing/RouteRegistrar.php(163): Illuminate\\Routing\\Router->group()
#13 /opt/lampp/htdocs/platform/app/Providers/RouteServiceProvider.php(48): Illuminate\\Routing\\RouteRegistrar->group()
#14 /opt/lampp/htdocs/platform/vendor/laravel/framework/src/Illuminate/Container/BoundMethod.php(36): App\\Providers\\RouteServiceProvider->App\\Providers\\{closure}()
#15 /opt/lampp/htdocs/platform/vendor/laravel/framework/src/Illuminate/Container/Util.php(40): Illuminate\\Container\\BoundMethod::Illuminate\\Container\\{closure}()
#16 /opt/lampp/htdocs/platform/vendor/laravel/framework/src/Illuminate/Container/BoundMethod.php(81): Illuminate\\Container\\Util::unwrapIfClosure()
#17 /opt/lampp/htdocs/platform/vendor/laravel/framework/src/Illuminate/Container/BoundMethod.php(35): Illuminate\\Container\\BoundMethod::callBoundMethod()
#18 /opt/lampp/htdocs/platform/vendor/laravel/framework/src/Illuminate/Container/Container.php(653): Illuminate\\Container\\BoundMethod::call()
#19 /opt/lampp/htdocs/platform/vendor/laravel/framework/src/Illuminate/Foundation/Support/Providers/RouteServiceProvider.php(120): Illuminate\\Container\\Container->call()
#20 /opt/lampp/htdocs/platform/vendor/laravel/framework/src/Illuminate/Foundation/Support/Providers/RouteServiceProvider.php(45): Illuminate\\Foundation\\Support\\Providers\\RouteServiceProvider->loadRoutes()
#21 /opt/lampp/htdocs/platform/vendor/laravel/framework/src/Illuminate/Container/BoundMethod.php(36): Illuminate\\Foundation\\Support\\Providers\\RouteServiceProvider->Illuminate\\Foundation\\Support\\Providers\\{closure}()
#22 /opt/lampp/htdocs/platform/vendor/laravel/framework/src/Illuminate/Container/Util.php(40): Illuminate\\Container\\BoundMethod::Illuminate\\Container\\{closure}()
#23 /opt/lampp/htdocs/platform/vendor/laravel/framework/src/Illuminate/Container/BoundMethod.php(81): Illuminate\\Container\\Util::unwrapIfClosure()
#24 /opt/lampp/htdocs/platform/vendor/laravel/framework/src/Illuminate/Container/BoundMethod.php(35): Illuminate\\Container\\BoundMethod::callBoundMethod()
#25 /opt/lampp/htdocs/platform/vendor/laravel/framework/src/Illuminate/Container/Container.php(653): Illuminate\\Container\\BoundMethod::call()
#26 /opt/lampp/htdocs/platform/vendor/laravel/framework/src/Illuminate/Support/ServiceProvider.php(119): Illuminate\\Container\\Container->call()
#27 /opt/lampp/htdocs/platform/vendor/laravel/framework/src/Illuminate/Foundation/Application.php(927): Illuminate\\Support\\ServiceProvider->callBootedCallbacks()
#28 /opt/lampp/htdocs/platform/vendor/laravel/framework/src/Illuminate/Foundation/Application.php(905): Illuminate\\Foundation\\Application->bootProvider()
#29 [internal function]: Illuminate\\Foundation\\Application->Illuminate\\Foundation\\{closure}()
#30 /opt/lampp/htdocs/platform/vendor/laravel/framework/src/Illuminate/Foundation/Application.php(904): array_walk()
#31 /opt/lampp/htdocs/platform/vendor/laravel/framework/src/Illuminate/Foundation/Bootstrap/BootProviders.php(17): Illuminate\\Foundation\\Application->boot()
#32 /opt/lampp/htdocs/platform/vendor/laravel/framework/src/Illuminate/Foundation/Application.php(237): Illuminate\\Foundation\\Bootstrap\\BootProviders->bootstrap()
#33 /opt/lampp/htdocs/platform/vendor/laravel/framework/src/Illuminate/Foundation/Console/Kernel.php(310): Illuminate\\Foundation\\Application->bootstrapWith()
#34 /opt/lampp/htdocs/platform/vendor/laravel/framework/src/Illuminate/Foundation/Console/Kernel.php(127): Illuminate\\Foundation\\Console\\Kernel->bootstrap()
#35 /opt/lampp/htdocs/platform/artisan(35): Illuminate\\Foundation\\Console\\Kernel->handle()
#36 {main}

[previous exception] [object] (PDOException(code: 2002): SQLSTATE[HY000] [2002] No such file or directory at /opt/lampp/htdocs/platform/vendor/laravel/framework/src/Illuminate/Database/Connectors/Connector.php:70)
[stacktrace]
#0 /opt/lampp/htdocs/platform/vendor/laravel/framework/src/Illuminate/Database/Connectors/Connector.php(70): PDO->__construct()
#1 /opt/lampp/htdocs/platform/vendor/laravel/framework/src/Illuminate/Database/Connectors/Connector.php(45): Illuminate\\Database\\Connectors\\Connector->createPdoConnection()
#2 /opt/lampp/htdocs/platform/vendor/laravel/framework/src/Illuminate/Database/Connectors/MySqlConnector.php(24): Illuminate\\Database\\Connectors\\Connector->createConnection()
#3 /opt/lampp/htdocs/platform/vendor/laravel/framework/src/Illuminate/Database/Connectors/ConnectionFactory.php(184): Illuminate\\Database\\Connectors\\MySqlConnector->connect()
#4 [internal function]: Illuminate\\Database\\Connectors\\ConnectionFactory->Illuminate\\Database\\Connectors\\{closure}()
#5 /opt/lampp/htdocs/platform/vendor/laravel/framework/src/Illuminate/Database/Connection.php(1064): call_user_func()
#6 /opt/lampp/htdocs/platform/vendor/laravel/framework/src/Illuminate/Database/Connection.php(1100): Illuminate\\Database\\Connection->getPdo()
#7 /opt/lampp/htdocs/platform/vendor/laravel/framework/src/Illuminate/Database/Connection.php(442): Illuminate\\Database\\Connection->getReadPdo()
#8 /opt/lampp/htdocs/platform/vendor/laravel/framework/src/Illuminate/Database/Connection.php(368): Illuminate\\Database\\Connection->getPdoForSelect()
#9 /opt/lampp/htdocs/platform/vendor/laravel/framework/src/Illuminate/Database/Connection.php(705): Illuminate\\Database\\Connection->Illuminate\\Database\\{closure}()
#10 /opt/lampp/htdocs/platform/vendor/laravel/framework/src/Illuminate/Database/Connection.php(672): Illuminate\\Database\\Connection->runQueryCallback()
#11 /opt/lampp/htdocs/platform/vendor/laravel/framework/src/Illuminate/Database/Connection.php(359): Illuminate\\Database\\Connection->run()
#12 /opt/lampp/htdocs/platform/vendor/laravel/framework/src/Illuminate/Database/Query/Builder.php(2413): Illuminate\\Database\\Connection->select()
#13 /opt/lampp/htdocs/platform/vendor/laravel/framework/src/Illuminate/Database/Query/Builder.php(2402): Illuminate\\Database\\Query\\Builder->runSelect()
#14 /opt/lampp/htdocs/platform/vendor/laravel/framework/src/Illuminate/Database/Query/Builder.php(2936): Illuminate\\Database\\Query\\Builder->Illuminate\\Database\\Query\\{closure}()
#15 /opt/lampp/htdocs/platform/vendor/laravel/framework/src/Illuminate/Database/Query/Builder.php(2401): Illuminate\\Database\\Query\\Builder->onceWithColumns()
#16 /opt/lampp/htdocs/platform/vendor/laravel/framework/src/Illuminate/Database/Eloquent/Builder.php(625): Illuminate\\Database\\Query\\Builder->get()
#17 /opt/lampp/htdocs/platform/vendor/laravel/framework/src/Illuminate/Database/Eloquent/Builder.php(609): Illuminate\\Database\\Eloquent\\Builder->getModels()
#18 /opt/lampp/htdocs/platform/routes/web.php(38): Illuminate\\Database\\Eloquent\\Builder->get()
#19 /opt/lampp/htdocs/platform/vendor/laravel/framework/src/Illuminate/Routing/RouteFileRegistrar.php(35): require('...')
#20 /opt/lampp/htdocs/platform/vendor/laravel/framework/src/Illuminate/Routing/Router.php(425): Illuminate\\Routing\\RouteFileRegistrar->register()
#21 /opt/lampp/htdocs/platform/vendor/laravel/framework/src/Illuminate/Routing/Router.php(382): Illuminate\\Routing\\Router->loadRoutes()
#22 /opt/lampp/htdocs/platform/vendor/laravel/framework/src/Illuminate/Routing/RouteRegistrar.php(163): Illuminate\\Routing\\Router->group()
#23 /opt/lampp/htdocs/platform/app/Providers/RouteServiceProvider.php(48): Illuminate\\Routing\\RouteRegistrar->group()
#24 /opt/lampp/htdocs/platform/vendor/laravel/framework/src/Illuminate/Container/BoundMethod.php(36): App\\Providers\\RouteServiceProvider->App\\Providers\\{closure}()
#25 /opt/lampp/htdocs/platform/vendor/laravel/framework/src/Illuminate/Container/Util.php(40): Illuminate\\Container\\BoundMethod::Illuminate\\Container\\{closure}()
#26 /opt/lampp/htdocs/platform/vendor/laravel/framework/src/Illuminate/Container/BoundMethod.php(81): Illuminate\\Container\\Util::unwrapIfClosure()
#27 /opt/lampp/htdocs/platform/vendor/laravel/framework/src/Illuminate/Container/BoundMethod.php(35): Illuminate\\Container\\BoundMethod::callBoundMethod()
#28 /opt/lampp/htdocs/platform/vendor/laravel/framework/src/Illuminate/Container/Container.php(653): Illuminate\\Container\\BoundMethod::call()
#29 /opt/lampp/htdocs/platform/vendor/laravel/framework/src/Illuminate/Foundation/Support/Providers/RouteServiceProvider.php(120): Illuminate\\Container\\Container->call()
#30 /opt/lampp/htdocs/platform/vendor/laravel/framework/src/Illuminate/Foundation/Support/Providers/RouteServiceProvider.php(45): Illuminate\\Foundation\\Support\\Providers\\RouteServiceProvider->loadRoutes()
#31 /opt/lampp/htdocs/platform/vendor/laravel/framework/src/Illuminate/Container/BoundMethod.php(36): Illuminate\\Foundation\\Support\\Providers\\RouteServiceProvider->Illuminate\\Foundation\\Support\\Providers\\{closure}()
#32 /opt/lampp/htdocs/platform/vendor/laravel/framework/src/Illuminate/Container/Util.php(40): Illuminate\\Container\\BoundMethod::Illuminate\\Container\\{closure}()
#33 /opt/lampp/htdocs/platform/vendor/laravel/framework/src/Illuminate/Container/BoundMethod.php(81): Illuminate\\Container\\Util::unwrapIfClosure()
#34 /opt/lampp/htdocs/platform/vendor/laravel/framework/src/Illuminate/Container/BoundMethod.php(35): Illuminate\\Container\\BoundMethod::callBoundMethod()
#35 /opt/lampp/htdocs/platform/vendor/laravel/framework/src/Illuminate/Container/Container.php(653): Illuminate\\Container\\BoundMethod::call()
#36 /opt/lampp/htdocs/platform/vendor/laravel/framework/src/Illuminate/Support/ServiceProvider.php(119): Illuminate\\Container\\Container->call()
#37 /opt/lampp/htdocs/platform/vendor/laravel/framework/src/Illuminate/Foundation/Application.php(927): Illuminate\\Support\\ServiceProvider->callBootedCallbacks()
#38 /opt/lampp/htdocs/platform/vendor/laravel/framework/src/Illuminate/Foundation/Application.php(905): Illuminate\\Foundation\\Application->bootProvider()
#39 [internal function]: Illuminate\\Foundation\\Application->Illuminate\\Foundation\\{closure}()
#40 /opt/lampp/htdocs/platform/vendor/laravel/framework/src/Illuminate/Foundation/Application.php(904): array_walk()
#41 /opt/lampp/htdocs/platform/vendor/laravel/framework/src/Illuminate/Foundation/Bootstrap/BootProviders.php(17): Illuminate\\Foundation\\Application->boot()
#42 /opt/lampp/htdocs/platform/vendor/laravel/framework/src/Illuminate/Foundation/Application.php(237): Illuminate\\Foundation\\Bootstrap\\BootProviders->bootstrap()
#43 /opt/lampp/htdocs/platform/vendor/laravel/framework/src/Illuminate/Foundation/Console/Kernel.php(310): Illuminate\\Foundation\\Application->bootstrapWith()
#44 /opt/lampp/htdocs/platform/vendor/laravel/framework/src/Illuminate/Foundation/Console/Kernel.php(127): Illuminate\\Foundation\\Console\\Kernel->bootstrap()
#45 /opt/lampp/htdocs/platform/artisan(35): Illuminate\\Foundation\\Console\\Kernel->handle()
#46 {main}
"} 
